#
# A fatal error has been detected by the Java Runtime Environment:
#
#  EXCEPTION_ACCESS_VIOLATION (0xc0000005) at pc=0x00000000031559d4, pid=9508, tid=0x0000000000004cfc
#
# JRE version: OpenJDK Runtime Environment (8.0_242-b01) (build 1.8.0_242-release-1644-b01)
# Java VM: OpenJDK 64-Bit Server VM (25.242-b01 mixed mode windows-amd64 compressed oops)
# Problematic frame:
# J 966 C2 java.util.ArrayList.add(Ljava/lang/Object;)Z (29 bytes) @ 0x00000000031559d4 [0x00000000031559a0+0x34]
#
# Failed to write core dump. Minidumps are not enabled by default on client versions of Windows
#
# If you would like to submit a bug report, please visit:
#   
#

---------------  T H R E A D  ---------------

Current thread (0x000000002c10a000):  JavaThread "ForkJoinPool-4-worker-4" daemon [_thread_in_Java, id=19708, stack(0x0000000032dc0000,0x0000000032ec0000)]

siginfo: ExceptionCode=0xc0000005, reading address 0x0000000000000010

Registers:
RAX=0x0000000000000220, RBX=0x000000003114c7f0, RCX=0x0000000000000002, RDX=0x0000000000000000
RSP=0x0000000032ebeb78, RBP=0x00000000e3258640, RSI=0x00000000e3258640, RDI=0x0000000004edd988
R8 =0x00000000e32587d0, R9 =0x0000000000000013, R10=0x0000000000000002, R11=0x0000000000000002
R12=0x0000000000000000, R13=0x0000000000000000, R14=0x0000000032ebebf8, R15=0x000000002c10a000
RIP=0x00000000031559d4, EFLAGS=0x0000000000010206

Top of Stack: (sp=0x0000000032ebeb78)
0x0000000032ebeb78:   0000000000000000 0000000000000012
0x0000000032ebeb88:   00000000e32587d0 0000000000000012
0x0000000032ebeb98:   0000000000000002 00000000e32587d0
0x0000000032ebeba8:   00000000e3258640 0000000032ebebf0
0x0000000032ebebb8:   0000000032ebebe0 000000003114c7f0
0x0000000032ebebc8:   00000000e3258640 0000000000000002
0x0000000032ebebd8:   000000000475eb40 00000000e32587b8
0x0000000032ebebe8:   00000000e3258640 0000000004ede23c
0x0000000032ebebf8:   00000000e3258668 00000000e3258668
0x0000000032ebec08:   00000000e32587d0 00000000e0917610
0x0000000032ebec18:   0000000000000000 00000000e3258668
0x0000000032ebec28:   0000000000000000 00000000e3258640
0x0000000032ebec38:   0000000000000002 0000000030fd1a84
0x0000000032ebec48:   0000000032ebec88 0000000030fd2bf0
0x0000000032ebec58:   0000000031086228 0000000032ebecf0
0x0000000032ebec68:   0000000002d97e20 0000000002d97e20 

Instructions: (pc=0x00000000031559d4)
0x00000000031559b4:   0f 1f 84 00 00 00 00 00 66 66 66 90 89 84 24 00
0x00000000031559c4:   a0 ff ff 55 48 83 ec 70 4c 89 44 24 28 4c 8b ea
0x00000000031559d4:   44 8b 52 10 44 8b 4a 14 41 8b da ff c3 41 81 f9
0x00000000031559e4:   b8 52 00 80 0f 84 76 01 00 00 44 8b c3 ff 42 0c 


Register to memory mapping:

RAX=0x0000000000000220 is an unknown value
RBX={method} {0x000000003114c7f8} 'c' '()I' in 'com/android/tools/r8/code/v1$a'
RCX=0x0000000000000002 is an unknown value
RDX=0x0000000000000000 is an unknown value
RSP=0x0000000032ebeb78 is pointing into the stack for thread: 0x000000002c10a000
RBP=0x00000000e3258640 is an oop
com.android.tools.r8.code.v1$a 
 - klass: 'com/android/tools/r8/code/v1$a'
RSI=0x00000000e3258640 is an oop
com.android.tools.r8.code.v1$a 
 - klass: 'com/android/tools/r8/code/v1$a'
RDI=0x0000000004edd988 is at entry_point+-856 in (nmethod*)0x0000000004edc290
R8 =0x00000000e32587d0 is an oop
com.android.tools.r8.code.L2 
 - klass: 'com/android/tools/r8/code/L2'
R9 =0x0000000000000013 is an unknown value
R10=0x0000000000000002 is an unknown value
R11=0x0000000000000002 is an unknown value
R12=0x0000000000000000 is an unknown value
R13=0x0000000000000000 is an unknown value
R14=0x0000000032ebebf8 is pointing into the stack for thread: 0x000000002c10a000
R15=0x000000002c10a000 is a thread


Stack: [0x0000000032dc0000,0x0000000032ec0000],  sp=0x0000000032ebeb78,  free space=1018k
Native frames: (J=compiled Java code, j=interpreted, Vv=VM code, C=native code)
C  0x00000000031559d4


---------------  P R O C E S S  ---------------

Java Threads: ( => current thread )
  0x000000002c104800 JavaThread "ForkJoinPool-4-worker-6" daemon [_thread_blocked, id=17340, stack(0x00000000331c0000,0x00000000332c0000)]
  0x000000002c10b800 JavaThread "ForkJoinPool-4-worker-0" daemon [_thread_blocked, id=13304, stack(0x00000000330c0000,0x00000000331c0000)]
  0x000000002c107800 JavaThread "ForkJoinPool-4-worker-7" daemon [_thread_blocked, id=18620, stack(0x0000000032fc0000,0x00000000330c0000)]
  0x000000002c10a800 JavaThread "ForkJoinPool-4-worker-5" daemon [_thread_blocked, id=14584, stack(0x0000000032ec0000,0x0000000032fc0000)]
=>0x000000002c10a000 JavaThread "ForkJoinPool-4-worker-4" daemon [_thread_in_Java, id=19708, stack(0x0000000032dc0000,0x0000000032ec0000)]
  0x000000002c106000 JavaThread "ForkJoinPool-4-worker-3" daemon [_thread_blocked, id=13764, stack(0x0000000032cc0000,0x0000000032dc0000)]
  0x000000002c108800 JavaThread "ForkJoinPool-4-worker-2" daemon [_thread_blocked, id=4444, stack(0x0000000030760000,0x0000000030860000)]
  0x000000002c109000 JavaThread "ForkJoinPool-4-worker-1" daemon [_thread_blocked, id=10968, stack(0x0000000030660000,0x0000000030760000)]
  0x000000002c0fc800 JavaThread "WorkerExecutor Queue Thread 9" [_thread_blocked, id=1964, stack(0x0000000030560000,0x0000000030660000)]
  0x000000002c102800 JavaThread "WorkerExecutor Queue Thread 8" [_thread_blocked, id=2204, stack(0x0000000030150000,0x0000000030250000)]
  0x000000002c0fe800 JavaThread "WorkerExecutor Queue Thread 7" [_thread_blocked, id=12244, stack(0x000000002f330000,0x000000002f430000)]
  0x000000002c103000 JavaThread "WorkerExecutor Queue Thread 6" [_thread_blocked, id=17904, stack(0x000000002ec60000,0x000000002ed60000)]
  0x000000002c0ff800 JavaThread "WorkerExecutor Queue Thread 5" [_thread_blocked, id=18288, stack(0x000000002e870000,0x000000002e970000)]
  0x000000002c100000 JavaThread "WorkerExecutor Queue Thread 4" [_thread_blocked, id=12124, stack(0x000000002e580000,0x000000002e680000)]
  0x000000002c101800 JavaThread "ForkJoinPool.commonPool-worker-7" daemon [_thread_blocked, id=16372, stack(0x0000000030050000,0x0000000030150000)]
  0x000000002c101000 JavaThread "ForkJoinPool.commonPool-worker-6" daemon [_thread_blocked, id=3872, stack(0x000000002ff50000,0x0000000030050000)]
  0x000000001ca6f800 JavaThread "ForkJoinPool.commonPool-worker-5" daemon [_thread_blocked, id=13848, stack(0x000000002fe50000,0x000000002ff50000)]
  0x000000001ca6a800 JavaThread "ForkJoinPool.commonPool-worker-4" daemon [_thread_blocked, id=9188, stack(0x000000002fd50000,0x000000002fe50000)]
  0x000000001ca6f000 JavaThread "ForkJoinPool.commonPool-worker-3" daemon [_thread_blocked, id=20856, stack(0x000000002fc50000,0x000000002fd50000)]
  0x000000001ca6c000 JavaThread "ForkJoinPool.commonPool-worker-2" daemon [_thread_blocked, id=21452, stack(0x000000002f550000,0x000000002f650000)]
  0x000000001ca71000 JavaThread "ForkJoinPool.commonPool-worker-1" daemon [_thread_blocked, id=5164, stack(0x000000002f030000,0x000000002f130000)]
  0x000000001ca6e000 JavaThread "Cache worker for Java compile cache (C:\Users\Manu\Documents\DEV\ANDROID\.gradle\6.5\javaCompile)" [_thread_blocked, id=2020, stack(0x000000002e480000,0x000000002e580000)]
  0x000000001ca6b000 JavaThread "WorkerExecutor Queue Thread 3" [_thread_blocked, id=16672, stack(0x000000002e770000,0x000000002e870000)]
  0x000000001ca70800 JavaThread "WorkerExecutor Queue Thread 2" [_thread_blocked, id=21224, stack(0x000000002dd50000,0x000000002de50000)]
  0x000000001ca63000 JavaThread "stdout" [_thread_in_native, id=6292, stack(0x000000002db50000,0x000000002dc50000)]
  0x000000001ca69800 JavaThread "stderr" [_thread_in_native, id=14816, stack(0x000000002da50000,0x000000002db50000)]
  0x000000001ca62000 JavaThread "pool-5-thread-1" [_thread_blocked, id=996, stack(0x000000002d950000,0x000000002da50000)]
  0x000000001ca68000 JavaThread "WorkerExecutor Queue" [_thread_blocked, id=13368, stack(0x000000002d410000,0x000000002d510000)]
  0x000000001ca66800 JavaThread "Cache worker for execution history cache (C:\Users\Manu\Documents\DEV\ANDROID\.gradle\6.5\executionHistory)" [_thread_blocked, id=13180, stack(0x000000002d850000,0x000000002d950000)]
  0x000000001ca63800 JavaThread "Execution worker for ':' Thread 7" [_thread_blocked, id=19528, stack(0x000000002d750000,0x000000002d850000)]
  0x000000001ca65000 JavaThread "Execution worker for ':' Thread 6" [_thread_blocked, id=13188, stack(0x000000002d650000,0x000000002d750000)]
  0x000000001ca66000 JavaThread "Execution worker for ':' Thread 5" [_thread_blocked, id=18836, stack(0x000000002d550000,0x000000002d650000)]
  0x000000001ca64800 JavaThread "Execution worker for ':' Thread 4" [_thread_blocked, id=2884, stack(0x000000002cf10000,0x000000002d010000)]
  0x000000001ca67800 JavaThread "Execution worker for ':' Thread 3" [_thread_blocked, id=7672, stack(0x000000002abc0000,0x000000002acc0000)]
  0x0000000020318800 JavaThread "Execution worker for ':' Thread 2" [_thread_blocked, id=14744, stack(0x000000002ade0000,0x000000002aee0000)]
  0x0000000020317000 JavaThread "Execution worker for ':'" [_thread_blocked, id=9992, stack(0x000000002ace0000,0x000000002ade0000)]
  0x0000000020315000 JavaThread "Cache worker for file content cache (C:\Users\Manu\Documents\DEV\ANDROID\.gradle\6.5\fileContent)" [_thread_blocked, id=17788, stack(0x000000002aac0000,0x000000002abc0000)]
  0x0000000020315800 JavaThread "Cache worker for Build Output Cleanup Cache (C:\Users\Manu\Documents\DEV\ANDROID\.gradle\buildOutputCleanup)" [_thread_blocked, id=21036, stack(0x000000002a9c0000,0x000000002aac0000)]
  0x0000000020316800 JavaThread "jar transforms Thread 184" [_thread_blocked, id=14400, stack(0x000000002a8c0000,0x000000002a9c0000)]
  0x000000002030d800 JavaThread "jar transforms Thread 183" [_thread_blocked, id=11040, stack(0x000000002a7c0000,0x000000002a8c0000)]
  0x0000000020314000 JavaThread "jar transforms Thread 182" [_thread_blocked, id=16560, stack(0x000000002a6c0000,0x000000002a7c0000)]
  0x0000000020313800 JavaThread "jar transforms Thread 181" [_thread_blocked, id=19676, stack(0x000000002a5c0000,0x000000002a6c0000)]
  0x0000000020312800 JavaThread "jar transforms Thread 180" [_thread_blocked, id=12792, stack(0x000000002a4c0000,0x000000002a5c0000)]
  0x0000000020311000 JavaThread "jar transforms Thread 179" [_thread_blocked, id=388, stack(0x000000002a3c0000,0x000000002a4c0000)]
  0x000000002030c800 JavaThread "jar transforms Thread 178" [_thread_blocked, id=700, stack(0x000000002a2c0000,0x000000002a3c0000)]
  0x0000000020310800 JavaThread "jar transforms Thread 177" [_thread_blocked, id=10860, stack(0x000000002a1c0000,0x000000002a2c0000)]
  0x000000002030f800 JavaThread "jar transforms Thread 176" [_thread_blocked, id=16228, stack(0x000000002a0c0000,0x000000002a1c0000)]
  0x000000002030c000 JavaThread "jar transforms Thread 175" [_thread_blocked, id=21492, stack(0x0000000029fc0000,0x000000002a0c0000)]
  0x000000002030f000 JavaThread "jar transforms Thread 174" [_thread_blocked, id=19840, stack(0x0000000029ec0000,0x0000000029fc0000)]
  0x0000000020312000 JavaThread "jar transforms Thread 173" [_thread_blocked, id=3188, stack(0x0000000029dc0000,0x0000000029ec0000)]
  0x000000002030e000 JavaThread "jar transforms Thread 172" [_thread_blocked, id=8796, stack(0x0000000029cc0000,0x0000000029dc0000)]
  0x0000000020309800 JavaThread "jar transforms Thread 171" [_thread_blocked, id=19424, stack(0x0000000029bc0000,0x0000000029cc0000)]
  0x000000002030a800 JavaThread "jar transforms Thread 170" [_thread_blocked, id=19948, stack(0x0000000029ac0000,0x0000000029bc0000)]
  0x000000002030b000 JavaThread "jar transforms Thread 169" [_thread_blocked, id=12928, stack(0x00000000299c0000,0x0000000029ac0000)]
  0x0000000020548000 JavaThread "jar transforms Thread 168" [_thread_blocked, id=12704, stack(0x00000000298c0000,0x00000000299c0000)]
  0x0000000020549000 JavaThread "jar transforms Thread 167" [_thread_blocked, id=9432, stack(0x00000000297c0000,0x00000000298c0000)]
  0x0000000020547800 JavaThread "jar transforms Thread 166" [_thread_blocked, id=13676, stack(0x00000000296c0000,0x00000000297c0000)]
  0x0000000020540000 JavaThread "jar transforms Thread 165" [_thread_blocked, id=20312, stack(0x00000000295c0000,0x00000000296c0000)]
  0x0000000020546800 JavaThread "jar transforms Thread 164" [_thread_blocked, id=868, stack(0x00000000294c0000,0x00000000295c0000)]
  0x0000000020545000 JavaThread "jar transforms Thread 163" [_thread_blocked, id=15200, stack(0x00000000293c0000,0x00000000294c0000)]
  0x0000000020546000 JavaThread "jar transforms Thread 162" [_thread_blocked, id=21280, stack(0x00000000292c0000,0x00000000293c0000)]
  0x000000002053d800 JavaThread "jar transforms Thread 161" [_thread_blocked, id=17072, stack(0x00000000291c0000,0x00000000292c0000)]
  0x0000000020543000 JavaThread "jar transforms Thread 160" [_thread_blocked, id=13432, stack(0x00000000290c0000,0x00000000291c0000)]
  0x0000000020543800 JavaThread "jar transforms Thread 159" [_thread_blocked, id=20676, stack(0x0000000028fc0000,0x00000000290c0000)]
  0x0000000020544800 JavaThread "jar transforms Thread 158" [_thread_blocked, id=10548, stack(0x0000000028ec0000,0x0000000028fc0000)]
  0x0000000020542000 JavaThread "jar transforms Thread 157" [_thread_blocked, id=21092, stack(0x0000000028dc0000,0x0000000028ec0000)]
  0x000000002053f000 JavaThread "jar transforms Thread 156" [_thread_blocked, id=19008, stack(0x0000000028cc0000,0x0000000028dc0000)]
  0x000000002053d000 JavaThread "jar transforms Thread 155" [_thread_blocked, id=20228, stack(0x0000000028bc0000,0x0000000028cc0000)]
  0x000000002053a800 JavaThread "jar transforms Thread 154" [_thread_blocked, id=19836, stack(0x0000000028ac0000,0x0000000028bc0000)]
  0x000000002053b800 JavaThread "jar transforms Thread 153" [_thread_blocked, id=20812, stack(0x00000000289c0000,0x0000000028ac0000)]
  0x000000002053e800 JavaThread "jar transforms Thread 152" [_thread_blocked, id=7656, stack(0x00000000288c0000,0x00000000289c0000)]
  0x000000002053c000 JavaThread "jar transforms Thread 151" [_thread_blocked, id=2784, stack(0x00000000287c0000,0x00000000288c0000)]
  0x0000000020541800 JavaThread "jar transforms Thread 150" [_thread_blocked, id=14420, stack(0x00000000286c0000,0x00000000287c0000)]
  0x000000002053a000 JavaThread "jar transforms Thread 149" [_thread_blocked, id=9128, stack(0x00000000285c0000,0x00000000286c0000)]
  0x0000000020540800 JavaThread "jar transforms Thread 148" [_thread_blocked, id=1716, stack(0x00000000284c0000,0x00000000285c0000)]
  0x000000001ff76000 JavaThread "jar transforms Thread 147" [_thread_blocked, id=11252, stack(0x00000000283c0000,0x00000000284c0000)]
  0x000000001ff75800 JavaThread "jar transforms Thread 146" [_thread_blocked, id=1272, stack(0x00000000282c0000,0x00000000283c0000)]
  0x000000001ff73000 JavaThread "jar transforms Thread 145" [_thread_blocked, id=15144, stack(0x00000000281c0000,0x00000000282c0000)]
  0x000000001ff72800 JavaThread "jar transforms Thread 144" [_thread_blocked, id=20236, stack(0x00000000280c0000,0x00000000281c0000)]
  0x000000001ff71800 JavaThread "jar transforms Thread 143" [_thread_blocked, id=20456, stack(0x0000000027fc0000,0x00000000280c0000)]
  0x000000001ff71000 JavaThread "jar transforms Thread 142" [_thread_blocked, id=16864, stack(0x0000000027ec0000,0x0000000027fc0000)]
  0x000000001ff74000 JavaThread "jar transforms Thread 141" [_thread_blocked, id=15132, stack(0x0000000027dc0000,0x0000000027ec0000)]
  0x000000001ff70000 JavaThread "jar transforms Thread 140" [_thread_blocked, id=17920, stack(0x0000000027cc0000,0x0000000027dc0000)]
  0x000000001ff74800 JavaThread "jar transforms Thread 139" [_thread_blocked, id=10676, stack(0x0000000027bc0000,0x0000000027cc0000)]
  0x000000001ff68800 JavaThread "jar transforms Thread 138" [_thread_blocked, id=17948, stack(0x0000000027ac0000,0x0000000027bc0000)]
  0x000000001ff6b000 JavaThread "jar transforms Thread 137" [_thread_blocked, id=14700, stack(0x00000000279c0000,0x0000000027ac0000)]
  0x000000001ff6b800 JavaThread "jar transforms Thread 136" [_thread_blocked, id=19560, stack(0x00000000278c0000,0x00000000279c0000)]
  0x000000001ff6a000 JavaThread "jar transforms Thread 135" [_thread_blocked, id=6248, stack(0x00000000277c0000,0x00000000278c0000)]
  0x000000001ff6f800 JavaThread "jar transforms Thread 134" [_thread_blocked, id=6680, stack(0x00000000276c0000,0x00000000277c0000)]
  0x000000001ff68000 JavaThread "jar transforms Thread 133" [_thread_blocked, id=11064, stack(0x00000000275c0000,0x00000000276c0000)]
  0x000000001ff6e800 JavaThread "jar transforms Thread 132" [_thread_blocked, id=15768, stack(0x00000000274c0000,0x00000000275c0000)]
  0x000000001ff6d000 JavaThread "jar transforms Thread 131" [_thread_blocked, id=1220, stack(0x00000000273c0000,0x00000000274c0000)]
  0x000000001ff67000 JavaThread "jar transforms Thread 130" [_thread_blocked, id=16988, stack(0x00000000272c0000,0x00000000273c0000)]
  0x000000001ff69800 JavaThread "jar transforms Thread 129" [_thread_blocked, id=13788, stack(0x00000000271c0000,0x00000000272c0000)]
  0x000000001ff6c800 JavaThread "jar transforms Thread 128" [_thread_blocked, id=8332, stack(0x00000000270c0000,0x00000000271c0000)]
  0x000000001ff6e000 JavaThread "jar transforms Thread 127" [_thread_blocked, id=21456, stack(0x0000000026fc0000,0x00000000270c0000)]
  0x000000001c75d000 JavaThread "jar transforms Thread 126" [_thread_blocked, id=10388, stack(0x0000000026ec0000,0x0000000026fc0000)]
  0x000000001c75b800 JavaThread "jar transforms Thread 125" [_thread_blocked, id=14144, stack(0x0000000026dc0000,0x0000000026ec0000)]
  0x000000001c75f800 JavaThread "jar transforms Thread 124" [_thread_blocked, id=14692, stack(0x0000000026cc0000,0x0000000026dc0000)]
  0x000000001c758800 JavaThread "jar transforms Thread 123" [_thread_blocked, id=3032, stack(0x0000000026bc0000,0x0000000026cc0000)]
  0x000000001c75e800 JavaThread "jar transforms Thread 122" [_thread_blocked, id=18876, stack(0x0000000026ac0000,0x0000000026bc0000)]
  0x000000001c75b000 JavaThread "jar transforms Thread 121" [_thread_blocked, id=7472, stack(0x00000000269c0000,0x0000000026ac0000)]
  0x000000001c75a000 JavaThread "jar transforms Thread 120" [_thread_blocked, id=19504, stack(0x00000000268c0000,0x00000000269c0000)]
  0x000000001f014800 JavaThread "jar transforms Thread 119" [_thread_blocked, id=19744, stack(0x00000000267c0000,0x00000000268c0000)]
  0x000000001f00c800 JavaThread "jar transforms Thread 118" [_thread_blocked, id=11056, stack(0x00000000266c0000,0x00000000267c0000)]
  0x000000001f012800 JavaThread "jar transforms Thread 117" [_thread_blocked, id=724, stack(0x00000000265c0000,0x00000000266c0000)]
  0x000000001f00d000 JavaThread "jar transforms Thread 116" [_thread_blocked, id=19512, stack(0x00000000264c0000,0x00000000265c0000)]
  0x000000001f00b000 JavaThread "jar transforms Thread 115" [_thread_blocked, id=1848, stack(0x00000000263c0000,0x00000000264c0000)]
  0x000000001f011800 JavaThread "jar transforms Thread 114" [_thread_blocked, id=15672, stack(0x00000000262c0000,0x00000000263c0000)]
  0x000000001f00a000 JavaThread "jar transforms Thread 113" [_thread_blocked, id=20080, stack(0x00000000261c0000,0x00000000262c0000)]
  0x000000001f011000 JavaThread "jar transforms Thread 112" [_thread_blocked, id=924, stack(0x00000000260c0000,0x00000000261c0000)]
  0x000000001f010000 JavaThread "jar transforms Thread 111" [_thread_blocked, id=18440, stack(0x0000000025fc0000,0x00000000260c0000)]
  0x000000001f009800 JavaThread "jar transforms Thread 110" [_thread_blocked, id=4620, stack(0x0000000025ec0000,0x0000000025fc0000)]
  0x000000001f006800 JavaThread "jar transforms Thread 109" [_thread_blocked, id=13768, stack(0x0000000025dc0000,0x0000000025ec0000)]
  0x000000001f008800 JavaThread "jar transforms Thread 108" [_thread_blocked, id=18180, stack(0x0000000025cc0000,0x0000000025dc0000)]
  0x000000001f00b800 JavaThread "jar transforms Thread 107" [_thread_blocked, id=1584, stack(0x0000000025bc0000,0x0000000025cc0000)]
  0x000000001cec7000 JavaThread "jar transforms Thread 106" [_thread_blocked, id=19868, stack(0x0000000025ac0000,0x0000000025bc0000)]
  0x000000001cec6800 JavaThread "jar transforms Thread 105" [_thread_blocked, id=2428, stack(0x00000000259c0000,0x0000000025ac0000)]
  0x000000001cec5800 JavaThread "jar transforms Thread 104" [_thread_blocked, id=904, stack(0x00000000258c0000,0x00000000259c0000)]
  0x000000001cec5000 JavaThread "jar transforms Thread 103" [_thread_blocked, id=19436, stack(0x00000000257c0000,0x00000000258c0000)]
  0x000000001cebd000 JavaThread "jar transforms Thread 102" [_thread_blocked, id=20584, stack(0x00000000256c0000,0x00000000257c0000)]
  0x000000001cec4000 JavaThread "jar transforms Thread 101" [_thread_blocked, id=9948, stack(0x00000000255c0000,0x00000000256c0000)]
  0x000000001cec3800 JavaThread "jar transforms Thread 100" [_thread_blocked, id=2132, stack(0x00000000254c0000,0x00000000255c0000)]
  0x000000001cebb800 JavaThread "jar transforms Thread 99" [_thread_blocked, id=14848, stack(0x00000000253c0000,0x00000000254c0000)]
  0x000000001cec2800 JavaThread "jar transforms Thread 98" [_thread_blocked, id=17512, stack(0x00000000252c0000,0x00000000253c0000)]
  0x000000001cebc800 JavaThread "jar transforms Thread 97" [_thread_blocked, id=7004, stack(0x0000000024dc0000,0x0000000024ec0000)]
  0x000000001cebb000 JavaThread "jar transforms Thread 96" [_thread_blocked, id=16128, stack(0x0000000024cc0000,0x0000000024dc0000)]
  0x000000001cec2000 JavaThread "jar transforms Thread 95" [_thread_blocked, id=6252, stack(0x0000000024bc0000,0x0000000024cc0000)]
  0x000000001cec1000 JavaThread "jar transforms Thread 94" [_thread_blocked, id=20520, stack(0x0000000024ac0000,0x0000000024bc0000)]
  0x000000001cec0000 JavaThread "jar transforms Thread 93" [_thread_blocked, id=13856, stack(0x00000000249c0000,0x0000000024ac0000)]
  0x000000001cebf800 JavaThread "Build operations Thread 8" [_thread_blocked, id=16164, stack(0x00000000248c0000,0x00000000249c0000)]
  0x00000000209f8800 JavaThread "Build operations Thread 7" [_thread_blocked, id=3216, stack(0x00000000247c0000,0x00000000248c0000)]
  0x00000000209f7800 JavaThread "Build operations Thread 6" [_thread_blocked, id=2868, stack(0x00000000246c0000,0x00000000247c0000)]
  0x00000000209f7000 JavaThread "Build operations Thread 5" [_thread_blocked, id=19300, stack(0x0000000023ec0000,0x0000000023fc0000)]
  0x00000000209f6000 JavaThread "Build operations Thread 4" [_thread_blocked, id=21184, stack(0x0000000021410000,0x0000000021510000)]
  0x00000000209f4800 JavaThread "Build operations Thread 3" [_thread_blocked, id=3248, stack(0x0000000021310000,0x0000000021410000)]
  0x00000000209f9000 JavaThread "Build operations Thread 2" [_thread_blocked, id=12028, stack(0x0000000021210000,0x0000000021310000)]
  0x00000000209f5800 JavaThread "Build operations" [_thread_blocked, id=14064, stack(0x0000000021110000,0x0000000021210000)]
  0x00000000209ed000 JavaThread "Cache worker for cache directory md-rule (C:\Users\Manu\.gradle\caches\6.5\md-rule)" [_thread_blocked, id=11452, stack(0x0000000021010000,0x0000000021110000)]
  0x00000000209f4000 JavaThread "Cache worker for cache directory md-supplier (C:\Users\Manu\.gradle\caches\6.5\md-supplier)" [_thread_blocked, id=8720, stack(0x000000001e670000,0x000000001e770000)]
  0x00000000209f3000 JavaThread "Cache worker for checksums cache (C:\Users\Manu\Documents\DEV\ANDROID\.gradle\checksums)" [_thread_blocked, id=9172, stack(0x000000001e570000,0x000000001e670000)]
  0x00000000209eb800 JavaThread "Cache worker for file hash cache (C:\Users\Manu\Documents\DEV\ANDROID\.gradle\6.5\fileHashes)" [_thread_blocked, id=1988, stack(0x000000001e470000,0x000000001e570000)]
  0x00000000209f2000 JavaThread "Thread-146" [_thread_blocked, id=7736, stack(0x000000001e370000,0x000000001e470000)]
  0x00000000209f0800 JavaThread "Stdin handler" [_thread_blocked, id=19132, stack(0x000000001e070000,0x000000001e170000)]
  0x00000000209ed800 JavaThread "Asynchronous log dispatcher for DefaultDaemonConnection: socket connection from /127.0.0.1:50309 to /127.0.0.1:61467" [_thread_blocked, id=20172, stack(0x000000001da00000,0x000000001db00000)]
  0x00000000209f0000 JavaThread "Daemon worker Thread 2" [_thread_blocked, id=9524, stack(0x000000001d900000,0x000000001da00000)]
  0x00000000209ea800 JavaThread "Cancel handler" [_thread_blocked, id=10540, stack(0x00000000010b0000,0x00000000011b0000)]
  0x00000000209ef000 JavaThread "Handler for socket connection from /127.0.0.1:50309 to /127.0.0.1:61467" [_thread_in_native, id=1336, stack(0x0000000000fb0000,0x00000000010b0000)]
  0x00000000209ee800 JavaThread "Daemon Thread 2" [_thread_blocked, id=12880, stack(0x0000000000eb0000,0x0000000000fb0000)]
  0x00000000209f1800 JavaThread "Cache worker for Java compile cache (C:\Users\Manu\.gradle\caches\6.5\javaCompile)" [_thread_blocked, id=7084, stack(0x000000002f450000,0x000000002f550000)]
  0x000000001f008000 JavaThread "Memory manager" [_thread_blocked, id=8116, stack(0x00000000251c0000,0x00000000252c0000)]
  0x000000001cebe000 JavaThread "Cache worker for file content cache (C:\Users\Manu\.gradle\caches\6.5\fileContent)" [_thread_blocked, id=4076, stack(0x0000000023fc0000,0x00000000240c0000)]
  0x000000001ceb8000 JavaThread "Cache worker for execution history cache (C:\Users\Manu\.gradle\caches\6.5\executionHistory)" [_thread_blocked, id=5508, stack(0x0000000022540000,0x0000000022640000)]
  0x000000001c759800 JavaThread "Cache worker for file hash cache (C:\Users\Manu\.gradle\caches\6.5\fileHashes)" [_thread_blocked, id=6168, stack(0x000000001fb40000,0x000000001fc40000)]
  0x000000001c75e000 JavaThread "File lock request listener" [_thread_in_native, id=6040, stack(0x000000001ea70000,0x000000001eb70000)]
  0x000000001c75c800 JavaThread "Cache worker for journal cache (C:\Users\Manu\.gradle\caches\journal-1)" [_thread_blocked, id=8308, stack(0x000000001e970000,0x000000001ea70000)]
  0x000000001c6c7800 JavaThread "Daemon periodic checks" [_thread_blocked, id=18252, stack(0x000000001dd70000,0x000000001de70000)]
  0x000000001c6c5800 JavaThread "Incoming local TCP Connector on port 50309" [_thread_in_native, id=17356, stack(0x000000001db00000,0x000000001dc00000)]
  0x000000001c660800 JavaThread "Daemon health stats" [_thread_blocked, id=11692, stack(0x000000001d4c0000,0x000000001d5c0000)]
  0x0000000019cbd800 JavaThread "Service Thread" daemon [_thread_blocked, id=5488, stack(0x000000001a920000,0x000000001aa20000)]
  0x0000000019c2c800 JavaThread "C1 CompilerThread3" daemon [_thread_blocked, id=10428, stack(0x000000001a820000,0x000000001a920000)]
  0x0000000017e0e000 JavaThread "C2 CompilerThread2" daemon [_thread_in_native, id=9460, stack(0x000000001a720000,0x000000001a820000)]
  0x0000000017e0c000 JavaThread "C2 CompilerThread1" daemon [_thread_in_native, id=9004, stack(0x000000001a620000,0x000000001a720000)]
  0x0000000019c22800 JavaThread "C2 CompilerThread0" daemon [_thread_in_native, id=4936, stack(0x000000001a520000,0x000000001a620000)]
  0x0000000019c21000 JavaThread "Attach Listener" daemon [_thread_blocked, id=4760, stack(0x000000001a420000,0x000000001a520000)]
  0x0000000019c20800 JavaThread "Signal Dispatcher" daemon [_thread_blocked, id=9060, stack(0x000000001a320000,0x000000001a420000)]
  0x0000000002d8d800 JavaThread "Finalizer" daemon [_thread_blocked, id=4756, stack(0x000000001a0f0000,0x000000001a1f0000)]
  0x0000000019c10800 JavaThread "Reference Handler" daemon [_thread_blocked, id=15964, stack(0x0000000019ff0000,0x000000001a0f0000)]
  0x0000000002b8d800 JavaThread "main" [_thread_blocked, id=5156, stack(0x0000000002b90000,0x0000000002c90000)]

Other Threads:
  0x0000000017df8000 VMThread [stack: 0x0000000019af0000,0x0000000019bf0000] [id=1376]
  0x0000000019cbe000 WatcherThread [stack: 0x000000001aa20000,0x000000001ab20000] [id=3936]

VM state:not at safepoint (normal execution)

VM Mutex/Monitor currently owned by a thread: None

heap address: 0x0000000080000000, size: 2048 MB, Compressed Oops mode: 32-bit
Narrow klass base: 0x0000000000000000, Narrow klass shift: 3
Compressed class space size: 1073741824 Address: 0x0000000100000000

Heap:
 PSYoungGen      total 263680K, used 234638K [0x00000000d5580000, 0x00000000eac80000, 0x0000000100000000)
  eden space 254976K, 88% used [0x00000000d5580000,0x00000000e3266c18,0x00000000e4e80000)
  from space 8704K, 96% used [0x00000000ea400000,0x00000000eac3cd90,0x00000000eac80000)
  to   space 36864K, 0% used [0x00000000e6480000,0x00000000e6480000,0x00000000e8880000)
 ParOldGen       total 329728K, used 60855K [0x0000000080000000, 0x0000000094200000, 0x00000000d5580000)
  object space 329728K, 18% used [0x0000000080000000,0x0000000083b6dfb0,0x0000000094200000)
 Metaspace       used 92887K, capacity 97426K, committed 100940K, reserved 1136640K
  class space    used 12214K, capacity 13041K, committed 13952K, reserved 1048576K

Card table byte_map: [0x0000000012150000,0x0000000012560000] byte_map_base: 0x0000000011d50000

Marking Bits: (ParMarkBitMap*) 0x00000000749df030
 Begin Bits: [0x0000000013010000, 0x0000000015010000)
 End Bits:   [0x0000000015010000, 0x0000000017010000)

Polling page: 0x0000000002a10000

CodeCache: size=245760Kb used=44859Kb max_used=45187Kb free=200900Kb
 bounds [0x0000000002d90000, 0x0000000005a40000, 0x0000000011d90000]
 total_blobs=14739 nmethods=13860 adapters=789
 compilation: enabled

Compilation events (10 events):
Event: 3138.936 Thread 0x0000000019c2c800 17152       2       com.android.tools.r8.code.K3::<init> (7 bytes)
Event: 3138.937 Thread 0x0000000019c2c800 nmethod 17152 0x00000000051d6e50 code [0x00000000051d6fa0, 0x00000000051d7150]
Event: 3138.937 Thread 0x0000000019c2c800 17153       2       com.android.tools.r8.code.e::<init> (7 bytes)
Event: 3138.937 Thread 0x0000000019c2c800 nmethod 17153 0x000000000463bf90 code [0x000000000463c0e0, 0x000000000463c290]
Event: 3138.937 Thread 0x0000000019c2c800 17154       2       com.android.tools.r8.code.f2::<init> (7 bytes)
Event: 3138.937 Thread 0x0000000019c2c800 nmethod 17154 0x0000000002fd0390 code [0x0000000002fd0500, 0x0000000002fd0728]
Event: 3138.937 Thread 0x0000000019c2c800 17155       2       com.android.tools.r8.code.V::<init> (7 bytes)
Event: 3138.937 Thread 0x0000000019c2c800 nmethod 17155 0x0000000002fcfc50 code [0x0000000002fcfdc0, 0x0000000002fd0078]
Event: 3138.937 Thread 0x0000000019c2c800 17156       2       com.android.tools.r8.code.d2::<init> (7 bytes)
Event: 3138.937 Thread 0x0000000019c2c800 nmethod 17156 0x000000000323e010 code [0x000000000323e160, 0x000000000323e310]

GC Heap History (10 events):
Event: 10.481 GC heap before
{Heap before GC invocations=16 (full 3):
 PSYoungGen      total 252416K, used 252393K [0x00000000d5580000, 0x00000000e7400000, 0x0000000100000000)
  eden space 226816K, 100% used [0x00000000d5580000,0x00000000e3300000,0x00000000e3300000)
  from space 25600K, 99% used [0x00000000e5180000,0x00000000e6a7a560,0x00000000e6a80000)
  to   space 31232K, 0% used [0x00000000e3300000,0x00000000e3300000,0x00000000e5180000)
 ParOldGen       total 215552K, used 47331K [0x0000000080000000, 0x000000008d280000, 0x00000000d5580000)
  object space 215552K, 21% used [0x0000000080000000,0x0000000082e38c38,0x000000008d280000)
 Metaspace       used 77425K, capacity 81180K, committed 81496K, reserved 1120256K
  class space    used 10436K, capacity 11120K, committed 11136K, reserved 1048576K
Event: 10.507 GC heap after
Heap after GC invocations=16 (full 3):
 PSYoungGen      total 258048K, used 18583K [0x00000000d5580000, 0x00000000e9800000, 0x0000000100000000)
  eden space 226816K, 0% used [0x00000000d5580000,0x00000000d5580000,0x00000000e3300000)
  from space 31232K, 59% used [0x00000000e3300000,0x00000000e4525d20,0x00000000e5180000)
  to   space 30720K, 0% used [0x00000000e7a00000,0x00000000e7a00000,0x00000000e9800000)
 ParOldGen       total 215552K, used 72331K [0x0000000080000000, 0x000000008d280000, 0x00000000d5580000)
  object space 215552K, 33% used [0x0000000080000000,0x00000000846a2c90,0x000000008d280000)
 Metaspace       used 77425K, capacity 81180K, committed 81496K, reserved 1120256K
  class space    used 10436K, capacity 11120K, committed 11136K, reserved 1048576K
}
Event: 11.498 GC heap before
{Heap before GC invocations=17 (full 3):
 PSYoungGen      total 258048K, used 241305K [0x00000000d5580000, 0x00000000e9800000, 0x0000000100000000)
  eden space 226816K, 98% used [0x00000000d5580000,0x00000000e2f009b8,0x00000000e3300000)
  from space 31232K, 59% used [0x00000000e3300000,0x00000000e4525d20,0x00000000e5180000)
  to   space 30720K, 0% used [0x00000000e7a00000,0x00000000e7a00000,0x00000000e9800000)
 ParOldGen       total 215552K, used 72331K [0x0000000080000000, 0x000000008d280000, 0x00000000d5580000)
  object space 215552K, 33% used [0x0000000080000000,0x00000000846a2c90,0x000000008d280000)
 Metaspace       used 87441K, capacity 93544K, committed 93784K, reserved 1130496K
  class space    used 12143K, capacity 13316K, committed 13440K, reserved 1048576K
Event: 11.515 GC heap after
Heap after GC invocations=17 (full 3):
 PSYoungGen      total 292352K, used 30706K [0x00000000d5580000, 0x00000000ea680000, 0x0000000100000000)
  eden space 261632K, 0% used [0x00000000d5580000,0x00000000d5580000,0x00000000e5500000)
  from space 30720K, 99% used [0x00000000e7a00000,0x00000000e97fcb58,0x00000000e9800000)
  to   space 37888K, 0% used [0x00000000e5500000,0x00000000e5500000,0x00000000e7a00000)
 ParOldGen       total 215552K, used 79801K [0x0000000080000000, 0x000000008d280000, 0x00000000d5580000)
  object space 215552K, 37% used [0x0000000080000000,0x0000000084dee510,0x000000008d280000)
 Metaspace       used 87441K, capacity 93544K, committed 93784K, reserved 1130496K
  class space    used 12143K, capacity 13316K, committed 13440K, reserved 1048576K
}
Event: 12.914 GC heap before
{Heap before GC invocations=18 (full 3):
 PSYoungGen      total 292352K, used 279654K [0x00000000d5580000, 0x00000000ea680000, 0x0000000100000000)
  eden space 261632K, 95% used [0x00000000d5580000,0x00000000e489cec0,0x00000000e5500000)
  from space 30720K, 99% used [0x00000000e7a00000,0x00000000e97fcb58,0x00000000e9800000)
  to   space 37888K, 0% used [0x00000000e5500000,0x00000000e5500000,0x00000000e7a00000)
 ParOldGen       total 215552K, used 79801K [0x0000000080000000, 0x000000008d280000, 0x00000000d5580000)
  object space 215552K, 37% used [0x0000000080000000,0x0000000084dee510,0x000000008d280000)
 Metaspace       used 91899K, capacity 98226K, committed 98380K, reserved 1134592K
  class space    used 12639K, capacity 13871K, committed 13952K, reserved 1048576K
Event: 12.921 GC heap after
Heap after GC invocations=18 (full 3):
 PSYoungGen      total 299520K, used 7922K [0x00000000d5580000, 0x00000000ec880000, 0x0000000100000000)
  eden space 261632K, 0% used [0x00000000d5580000,0x00000000d5580000,0x00000000e5500000)
  from space 37888K, 20% used [0x00000000e5500000,0x00000000e5cbcbd8,0x00000000e7a00000)
  to   space 37376K, 0% used [0x00000000ea400000,0x00000000ea400000,0x00000000ec880000)
 ParOldGen       total 215552K, used 90020K [0x0000000080000000, 0x000000008d280000, 0x00000000d5580000)
  object space 215552K, 41% used [0x0000000080000000,0x00000000857e9008,0x000000008d280000)
 Metaspace       used 91899K, capacity 98226K, committed 98380K, reserved 1134592K
  class space    used 12639K, capacity 13871K, committed 13952K, reserved 1048576K
}
Event: 12.921 GC heap before
{Heap before GC invocations=19 (full 4):
 PSYoungGen      total 299520K, used 7922K [0x00000000d5580000, 0x00000000ec880000, 0x0000000100000000)
  eden space 261632K, 0% used [0x00000000d5580000,0x00000000d5580000,0x00000000e5500000)
  from space 37888K, 20% used [0x00000000e5500000,0x00000000e5cbcbd8,0x00000000e7a00000)
  to   space 37376K, 0% used [0x00000000ea400000,0x00000000ea400000,0x00000000ec880000)
 ParOldGen       total 215552K, used 90020K [0x0000000080000000, 0x000000008d280000, 0x00000000d5580000)
  object space 215552K, 41% used [0x0000000080000000,0x00000000857e9008,0x000000008d280000)
 Metaspace       used 91899K, capacity 98226K, committed 98380K, reserved 1134592K
  class space    used 12639K, capacity 13871K, committed 13952K, reserved 1048576K
Event: 13.025 GC heap after
Heap after GC invocations=19 (full 4):
 PSYoungGen      total 299520K, used 0K [0x00000000d5580000, 0x00000000ec880000, 0x0000000100000000)
  eden space 261632K, 0% used [0x00000000d5580000,0x00000000d5580000,0x00000000e5500000)
  from space 37888K, 0% used [0x00000000e5500000,0x00000000e5500000,0x00000000e7a00000)
  to   space 37376K, 0% used [0x00000000ea400000,0x00000000ea400000,0x00000000ec880000)
 ParOldGen       total 329728K, used 60847K [0x0000000080000000, 0x0000000094200000, 0x00000000d5580000)
  object space 329728K, 18% used [0x0000000080000000,0x0000000083b6bfb0,0x0000000094200000)
 Metaspace       used 90434K, capacity 94690K, committed 98380K, reserved 1134592K
  class space    used 12118K, capacity 12937K, committed 13952K, reserved 1048576K
}
Event: 3137.816 GC heap before
{Heap before GC invocations=20 (full 4):
 PSYoungGen      total 299520K, used 261632K [0x00000000d5580000, 0x00000000ec880000, 0x0000000100000000)
  eden space 261632K, 100% used [0x00000000d5580000,0x00000000e5500000,0x00000000e5500000)
  from space 37888K, 0% used [0x00000000e5500000,0x00000000e5500000,0x00000000e7a00000)
  to   space 37376K, 0% used [0x00000000ea400000,0x00000000ea400000,0x00000000ec880000)
 ParOldGen       total 329728K, used 60847K [0x0000000080000000, 0x0000000094200000, 0x00000000d5580000)
  object space 329728K, 18% used [0x0000000080000000,0x0000000083b6bfb0,0x0000000094200000)
 Metaspace       used 92289K, capacity 96692K, committed 100172K, reserved 1136640K
  class space    used 12204K, capacity 13030K, committed 13952K, reserved 1048576K
Event: 3137.835 GC heap after
Heap after GC invocations=20 (full 4):
 PSYoungGen      total 263680K, used 8435K [0x00000000d5580000, 0x00000000eac80000, 0x0000000100000000)
  eden space 254976K, 0% used [0x00000000d5580000,0x00000000d5580000,0x00000000e4e80000)
  from space 8704K, 96% used [0x00000000ea400000,0x00000000eac3cd90,0x00000000eac80000)
  to   space 36864K, 0% used [0x00000000e6480000,0x00000000e6480000,0x00000000e8880000)
 ParOldGen       total 329728K, used 60855K [0x0000000080000000, 0x0000000094200000, 0x00000000d5580000)
  object space 329728K, 18% used [0x0000000080000000,0x0000000083b6dfb0,0x0000000094200000)
 Metaspace       used 92289K, capacity 96692K, committed 100172K, reserved 1136640K
  class space    used 12204K, capacity 13030K, committed 13952K, reserved 1048576K
}

Deoptimization events (10 events):
Event: 3138.608 Thread 0x000000002c100000 Uncommon trap: reason=unstable_if action=reinterpret pc=0x0000000004fbb3b0 method=com.android.tools.r8.dex.P$g.a(Lcom/android/tools/r8/graph/Y;Ljava/util/Set;Ljava/util/Set;)Z @ 7
Event: 3138.608 Thread 0x000000002c100000 Uncommon trap: reason=unstable_if action=reinterpret pc=0x0000000004f32d78 method=com.android.tools.r8.dex.P$g.a(Lcom/android/tools/r8/graph/Y;Ljava/util/Set;Ljava/util/Set;)Z @ 7
Event: 3138.614 Thread 0x000000002c100000 Uncommon trap: reason=predicate action=maybe_recompile pc=0x0000000005157168 method=java.util.TimSort.reverseRange([Ljava/lang/Object;II)V @ 8
Event: 3138.614 Thread 0x000000002c100000 Uncommon trap: reason=predicate action=maybe_recompile pc=0x0000000004f26610 method=java.util.TimSort.reverseRange([Ljava/lang/Object;II)V @ 8
Event: 3138.620 Thread 0x000000001ca6b000 Uncommon trap: reason=bimorphic action=maybe_recompile pc=0x0000000004cb81e0 method=com.android.tools.r8.ir.conversion.q.<init>(Lcom/android/tools/r8/ir/conversion/x;)V @ 5
Event: 3138.623 Thread 0x000000001ca6b000 Uncommon trap: reason=unstable_if action=reinterpret pc=0x0000000004264774 method=com.android.tools.r8.t.a.a.a.f.X.a(ILjava/lang/Object;)Ljava/lang/Object; @ 66
Event: 3138.677 Thread 0x000000001ca6b000 Uncommon trap: reason=class_check action=maybe_recompile pc=0x0000000005174c0c method=com.android.tools.r8.dex.r.a(Ljava/util/Collection;ILjava/util/function/Consumer;)V @ 29
Event: 3138.678 Thread 0x000000001ca6b000 Uncommon trap: reason=class_check action=maybe_recompile pc=0x0000000005174c0c method=com.android.tools.r8.dex.r.a(Ljava/util/Collection;ILjava/util/function/Consumer;)V @ 29
Event: 3138.829 Thread 0x000000001ca70800 Uncommon trap: reason=unstable_if action=reinterpret pc=0x0000000004a15a9c method=com.android.tools.r8.dex.n.m()V @ 1411
Event: 3138.919 Thread 0x000000002c107800 Uncommon trap: reason=null_check action=make_not_entrant pc=0x0000000004efae30 method=com.android.tools.r8.dex.n.e(I)Lcom/android/tools/r8/graph/M; @ 11

Classes redefined (0 events):
No events

Internal exceptions (10 events):
Event: 3138.695 Thread 0x000000001ca6b000 Exception <a 'sun/nio/fs/WindowsException'> (0x00000000dfb6d7b0) thrown at [C:\src\AOSP-openjdk-git\hotspot\src\share\vm\prims\jni.cpp, line 710]
Event: 3138.696 Thread 0x000000001ca6b000 Exception <a 'sun/nio/fs/WindowsException'> (0x00000000dfb75350) thrown at [C:\src\AOSP-openjdk-git\hotspot\src\share\vm\prims\jni.cpp, line 710]
Event: 3138.698 Thread 0x000000001ca6b000 Exception <a 'sun/nio/fs/WindowsException'> (0x00000000dfd42e98) thrown at [C:\src\AOSP-openjdk-git\hotspot\src\share\vm\prims\jni.cpp, line 710]
Event: 3138.700 Thread 0x000000001ca6b000 Exception <a 'sun/nio/fs/WindowsException'> (0x00000000dfd4a9f0) thrown at [C:\src\AOSP-openjdk-git\hotspot\src\share\vm\prims\jni.cpp, line 710]
Event: 3138.701 Thread 0x000000001ca6b000 Exception <a 'sun/nio/fs/WindowsException'> (0x00000000dfd51ba0) thrown at [C:\src\AOSP-openjdk-git\hotspot\src\share\vm\prims\jni.cpp, line 710]
Event: 3138.703 Thread 0x000000001ca6b000 Exception <a 'sun/nio/fs/WindowsException'> (0x00000000dfe9fd18) thrown at [C:\src\AOSP-openjdk-git\hotspot\src\share\vm\prims\jni.cpp, line 710]
Event: 3138.705 Thread 0x000000001ca6b000 Exception <a 'sun/nio/fs/WindowsException'> (0x00000000dfea95e0) thrown at [C:\src\AOSP-openjdk-git\hotspot\src\share\vm\prims\jni.cpp, line 710]
Event: 3138.821 Thread 0x000000001ca70800 Exception <a 'sun/nio/fs/WindowsException'> (0x00000000e0824538) thrown at [C:\src\AOSP-openjdk-git\hotspot\src\share\vm\prims\jni.cpp, line 710]
Event: 3138.919 Thread 0x000000002c107800 Implicit null exception at 0x0000000004ef6454 to 0x0000000004efade1
Event: 3138.937 Thread 0x000000002c10a000 Implicit null exception at 0x00000000031559d4 to 0x0000000000000000

Events (10 events):
Event: 3138.918 Executing VM operation: RevokeBias
Event: 3138.918 Thread 0x000000002c104800 Thread added: 0x000000002c104800
Event: 3138.918 Executing VM operation: RevokeBias done
Event: 3138.919 Thread 0x000000002c107800 Uncommon trap: trap_request=0xfffffff4 fr.pc=0x0000000004efae30
Event: 3138.919 Thread 0x000000002c107800 DEOPT PACKING pc=0x0000000004efae30 sp=0x00000000330bee60
Event: 3138.919 Thread 0x000000002c107800 DEOPT UNPACKING pc=0x0000000002dd557b sp=0x00000000330bedc0 mode 2
Event: 3138.920 Executing VM operation: RevokeBias
Event: 3138.920 Executing VM operation: RevokeBias done
Event: 3138.920 Executing VM operation: RevokeBias
Event: 3138.920 Executing VM operation: RevokeBias done


Dynamic libraries:
0x00007ff76de10000 - 0x00007ff76de41000 	C:\Program Files\Android\Android Studio\jre\bin\java.exe
0x00007ff99e450000 - 0x00007ff99e645000 	C:\WINDOWS\SYSTEM32\ntdll.dll
0x00007ff993120000 - 0x00007ff993132000 	C:\Program Files\Avast Software\Avast\aswhook.dll
0x00007ff99d390000 - 0x00007ff99d44d000 	C:\WINDOWS\System32\KERNEL32.DLL
0x00007ff99bd40000 - 0x00007ff99c009000 	C:\WINDOWS\System32\KERNELBASE.dll
0x00007ff99e1a0000 - 0x00007ff99e24c000 	C:\WINDOWS\System32\ADVAPI32.dll
0x00007ff99dba0000 - 0x00007ff99dc3e000 	C:\WINDOWS\System32\msvcrt.dll
0x00007ff99c850000 - 0x00007ff99c8ec000 	C:\WINDOWS\System32\sechost.dll
0x00007ff99d250000 - 0x00007ff99d37b000 	C:\WINDOWS\System32\RPCRT4.dll
0x00007ff99dff0000 - 0x00007ff99e190000 	C:\WINDOWS\System32\USER32.dll
0x00007ff99c270000 - 0x00007ff99c292000 	C:\WINDOWS\System32\win32u.dll
0x00007ff99cef0000 - 0x00007ff99cf1a000 	C:\WINDOWS\System32\GDI32.dll
0x00007ff99c3a0000 - 0x00007ff99c4ab000 	C:\WINDOWS\System32\gdi32full.dll
0x00007ff99c170000 - 0x00007ff99c20d000 	C:\WINDOWS\System32\msvcp_win.dll
0x00007ff99c2a0000 - 0x00007ff99c3a0000 	C:\WINDOWS\System32\ucrtbase.dll
0x00007ff9856d0000 - 0x00007ff98596a000 	C:\WINDOWS\WinSxS\amd64_microsoft.windows.common-controls_6595b64144ccf1df_6.0.19041.844_none_ca00b6081b84eb1d\COMCTL32.dll
0x00007ff99dc60000 - 0x00007ff99dc90000 	C:\WINDOWS\System32\IMM32.DLL
0x0000000074050000 - 0x0000000074122000 	C:\Program Files\Android\Android Studio\jre\jre\bin\msvcr100.dll
0x0000000074210000 - 0x0000000074a5b000 	C:\Program Files\Android\Android Studio\jre\jre\bin\server\jvm.dll
0x00007ff99e400000 - 0x00007ff99e408000 	C:\WINDOWS\System32\PSAPI.DLL
0x00007ff99a210000 - 0x00007ff99a237000 	C:\WINDOWS\SYSTEM32\WINMM.dll
0x00007ff990750000 - 0x00007ff99075a000 	C:\WINDOWS\SYSTEM32\VERSION.dll
0x00007ff976800000 - 0x00007ff976809000 	C:\WINDOWS\SYSTEM32\WSOCK32.dll
0x00007ff99e390000 - 0x00007ff99e3fb000 	C:\WINDOWS\System32\WS2_32.dll
0x00007ff997350000 - 0x00007ff99735f000 	C:\Program Files\Android\Android Studio\jre\jre\bin\verify.dll
0x00007ff9897f0000 - 0x00007ff989819000 	C:\Program Files\Android\Android Studio\jre\jre\bin\java.dll
0x00007ff9852b0000 - 0x00007ff9852c6000 	C:\Program Files\Android\Android Studio\jre\jre\bin\zip.dll
0x00007ff99d450000 - 0x00007ff99db92000 	C:\WINDOWS\System32\SHELL32.dll
0x00007ff999790000 - 0x00007ff999f20000 	C:\WINDOWS\SYSTEM32\windows.storage.dll
0x00007ff99dc90000 - 0x00007ff99dfe5000 	C:\WINDOWS\System32\combase.dll
0x00007ff99b600000 - 0x00007ff99b62c000 	C:\WINDOWS\SYSTEM32\Wldp.dll
0x00007ff99d1a0000 - 0x00007ff99d24e000 	C:\WINDOWS\System32\SHCORE.dll
0x00007ff99ce90000 - 0x00007ff99cee5000 	C:\WINDOWS\System32\shlwapi.dll
0x00007ff99bad0000 - 0x00007ff99baef000 	C:\WINDOWS\SYSTEM32\profapi.dll
0x00007ff984e00000 - 0x00007ff984e1a000 	C:\Program Files\Android\Android Studio\jre\jre\bin\net.dll
0x00007ff99b380000 - 0x00007ff99b3ea000 	C:\WINDOWS\system32\mswsock.dll
0x00007ff95af30000 - 0x00007ff95af43000 	C:\Program Files\Android\Android Studio\jre\jre\bin\nio.dll
0x00007ff969fd0000 - 0x00007ff969ff7000 	C:\Users\Manu\.gradle\native\f6784746aeab05261644944871eae4fe03e0ef1612fff0a4a95f87b438bc6780\windows-amd64\native-platform.dll
0x00007ff9854d0000 - 0x00007ff9854dd000 	C:\Program Files\Android\Android Studio\jre\jre\bin\management.dll
0x00007ff99b550000 - 0x00007ff99b568000 	C:\WINDOWS\SYSTEM32\CRYPTSP.dll
0x00007ff99acb0000 - 0x00007ff99ace4000 	C:\WINDOWS\system32\rsaenh.dll
0x00007ff99c140000 - 0x00007ff99c167000 	C:\WINDOWS\System32\bcrypt.dll
0x00007ff99ba90000 - 0x00007ff99babe000 	C:\WINDOWS\SYSTEM32\USERENV.dll
0x00007ff99c0c0000 - 0x00007ff99c140000 	C:\WINDOWS\System32\bcryptprimitives.dll
0x00007ff99b570000 - 0x00007ff99b57c000 	C:\WINDOWS\SYSTEM32\CRYPTBASE.dll
0x00007ff99b020000 - 0x00007ff99b05b000 	C:\WINDOWS\SYSTEM32\IPHLPAPI.DLL
0x00007ff99e190000 - 0x00007ff99e198000 	C:\WINDOWS\System32\NSI.dll
0x00007ff9909a0000 - 0x00007ff9909b7000 	C:\WINDOWS\SYSTEM32\dhcpcsvc6.DLL
0x00007ff993060000 - 0x00007ff99307d000 	C:\WINDOWS\SYSTEM32\dhcpcsvc.DLL
0x00007ff99b060000 - 0x00007ff99b12b000 	C:\WINDOWS\SYSTEM32\DNSAPI.dll
0x00007ff9959b0000 - 0x00007ff9959bb000 	C:\WINDOWS\SYSTEM32\WINNSI.DLL
0x00007ff998eb0000 - 0x00007ff998f40000 	C:\WINDOWS\system32\apphelp.dll
0x00007ff99a020000 - 0x00007ff99a204000 	C:\WINDOWS\SYSTEM32\dbghelp.dll

VM Arguments:
jvm_args: -Xmx2048m -Dfile.encoding=UTF-8 -Duser.country=FR -Duser.language=fr -Duser.variant 
java_command: org.gradle.launcher.daemon.bootstrap.GradleDaemon 6.5
java_class_path (initial): C:\Users\Manu\.gradle\wrapper\dists\gradle-6.5-bin\6nifqtx7604sqp1q6g8wikw7p\gradle-6.5\lib\gradle-launcher-6.5.jar
Launcher Type: SUN_STANDARD

Environment Variables:
PATH=C:\Program Files\Common Files\Oracle\Java\javapath;C:\ProgramData\Oracle\Java\javapath;C:\WINDOWS\system32;C:\WINDOWS;C:\WINDOWS\System32\Wbem;C:\WINDOWS\System32\WindowsPowerShell\v1.0\;C:\WINDOWS\System32\OpenSSH\;C:\Program Files\dotnet\;C:\Program Files\Microsoft SQL Server\130\Tools\Binn\;C:\Program Files\Microsoft SQL Server\Client SDK\ODBC\170\Tools\Binn\;C:\Program Files (x86)\Microsoft SQL Server\150\DTS\Binn\;C:\Program Files\Git\cmd;C:\xampp\php;C:\composer;C:\Program Files\Symfony;C:\Program Files\nodejs\;C:\Users\Manu\AppData\Local\Microsoft\WindowsApps;C:\Users\Manu\AppData\Local\GitHubDesktop\bin;C:\Users\Manu\AppData\Local\Programs\Microsoft VS Code\bin;C:\Users\Manu\AppData\Roaming\Composer\vendor\bin;C:\Users\Manu\AppData\Roaming\npm
USERNAME=Manu
OS=Windows_NT
PROCESSOR_IDENTIFIER=Intel64 Family 6 Model 165 Stepping 2, GenuineIntel



---------------  S Y S T E M  ---------------

OS: Windows 10.0 , 64 bit Build 19041 (10.0.19041.804)

CPU:total 8 (initial active 8) (4 cores per cpu, 2 threads per core) family 6 model 165 stepping 2, cmov, cx8, fxsr, mmx, sse, sse2, sse3, ssse3, sse4.1, sse4.2, popcnt, avx, avx2, aes, clmul, erms, 3dnowpref, lzcnt, ht, tsc, tscinvbit, bmi1, bmi2, adx

Memory: 4k page, physical 16512708k(4234004k free), swap 26998468k(10309836k free)

vm_info: OpenJDK 64-Bit Server VM (25.242-b01) for windows-amd64 JRE (1.8.0_242-release-1644-b01), built by "builder" with MS VC++ 10.0 (VS2010)

time: Tue Apr 06 17:14:24 2021
timezone: Paris, Madrid (heure d’été)
elapsed time: 3138 seconds (0d 0h 52m 18s)

